Analysis & Synthesis report for tempeture_control
Fri Dec  9 21:15:23 2022
Quartus Prime Version 21.1.1 Build 850 06/23/2022 SJ Lite Edition


---------------------
; Table of Contents ;
---------------------
  1. Legal Notice
  2. Analysis & Synthesis Summary
  3. Analysis & Synthesis Settings
  4. Parallel Compilation
  5. Analysis & Synthesis Source Files Read
  6. Analysis & Synthesis Resource Usage Summary
  7. Analysis & Synthesis Resource Utilization by Entity
  8. Analysis & Synthesis IP Cores Summary
  9. State Machine - |tempeture_control|adc_control:inst|adc_control_adc_mega_0:adc_mega_0|altera_up_avalon_adv_adc:ADC_CTRL|currState
 10. Registers Removed During Synthesis
 11. General Register Statistics
 12. Inverted Register Statistics
 13. Multiplexer Restructuring Statistics (Restructuring Performed)
 14. Parameter Settings for User Entity Instance: adc_control:inst|adc_control_adc_mega_0:adc_mega_0
 15. Parameter Settings for User Entity Instance: adc_control:inst|adc_control_adc_mega_0:adc_mega_0|altera_up_avalon_adv_adc:ADC_CTRL
 16. Post-Synthesis Netlist Statistics for Top Partition
 17. Elapsed Time Per Partition
 18. Analysis & Synthesis Messages



----------------
; Legal Notice ;
----------------
Copyright (C) 2022  Intel Corporation. All rights reserved.
Your use of Intel Corporation's design tools, logic functions 
and other software and tools, and any partner logic 
functions, and any output files from any of the foregoing 
(including device programming or simulation files), and any 
associated documentation or information are expressly subject 
to the terms and conditions of the Intel Program License 
Subscription Agreement, the Intel Quartus Prime License Agreement,
the Intel FPGA IP License Agreement, or other applicable license
agreement, including, without limitation, that your use is for
the sole purpose of programming logic devices manufactured by
Intel and sold by Intel or its authorized distributors.  Please
refer to the applicable agreement for further details, at
https://fpgasoftware.intel.com/eula.



+----------------------------------------------------------------------------------+
; Analysis & Synthesis Summary                                                     ;
+------------------------------------+---------------------------------------------+
; Analysis & Synthesis Status        ; Successful - Fri Dec  9 21:15:23 2022       ;
; Quartus Prime Version              ; 21.1.1 Build 850 06/23/2022 SJ Lite Edition ;
; Revision Name                      ; tempeture_control                           ;
; Top-level Entity Name              ; tempeture_control                           ;
; Family                             ; Cyclone IV E                                ;
; Total logic elements               ; 90                                          ;
;     Total combinational functions  ; 66                                          ;
;     Dedicated logic registers      ; 66                                          ;
; Total registers                    ; 66                                          ;
; Total pins                         ; 18                                          ;
; Total virtual pins                 ; 0                                           ;
; Total memory bits                  ; 0                                           ;
; Embedded Multiplier 9-bit elements ; 0                                           ;
; Total PLLs                         ; 0                                           ;
+------------------------------------+---------------------------------------------+


+------------------------------------------------------------------------------------------------------------+
; Analysis & Synthesis Settings                                                                              ;
+------------------------------------------------------------------+--------------------+--------------------+
; Option                                                           ; Setting            ; Default Value      ;
+------------------------------------------------------------------+--------------------+--------------------+
; Device                                                           ; EP4CE22F17C6       ;                    ;
; Top-level entity name                                            ; tempeture_control  ; tempeture_control  ;
; Family name                                                      ; Cyclone IV E       ; Cyclone V          ;
; Use smart compilation                                            ; Off                ; Off                ;
; Enable parallel Assembler and Timing Analyzer during compilation ; On                 ; On                 ;
; Enable compact report table                                      ; Off                ; Off                ;
; Restructure Multiplexers                                         ; Auto               ; Auto               ;
; Create Debugging Nodes for IP Cores                              ; Off                ; Off                ;
; Preserve fewer node names                                        ; On                 ; On                 ;
; Intel FPGA IP Evaluation Mode                                    ; Enable             ; Enable             ;
; Verilog Version                                                  ; Verilog_2001       ; Verilog_2001       ;
; VHDL Version                                                     ; VHDL_1993          ; VHDL_1993          ;
; State Machine Processing                                         ; Auto               ; Auto               ;
; Safe State Machine                                               ; Off                ; Off                ;
; Extract Verilog State Machines                                   ; On                 ; On                 ;
; Extract VHDL State Machines                                      ; On                 ; On                 ;
; Ignore Verilog initial constructs                                ; Off                ; Off                ;
; Iteration limit for constant Verilog loops                       ; 5000               ; 5000               ;
; Iteration limit for non-constant Verilog loops                   ; 250                ; 250                ;
; Add Pass-Through Logic to Inferred RAMs                          ; On                 ; On                 ;
; Infer RAMs from Raw Logic                                        ; On                 ; On                 ;
; Parallel Synthesis                                               ; On                 ; On                 ;
; DSP Block Balancing                                              ; Auto               ; Auto               ;
; NOT Gate Push-Back                                               ; On                 ; On                 ;
; Power-Up Don't Care                                              ; On                 ; On                 ;
; Remove Redundant Logic Cells                                     ; Off                ; Off                ;
; Remove Duplicate Registers                                       ; On                 ; On                 ;
; Ignore CARRY Buffers                                             ; Off                ; Off                ;
; Ignore CASCADE Buffers                                           ; Off                ; Off                ;
; Ignore GLOBAL Buffers                                            ; Off                ; Off                ;
; Ignore ROW GLOBAL Buffers                                        ; Off                ; Off                ;
; Ignore LCELL Buffers                                             ; Off                ; Off                ;
; Ignore SOFT Buffers                                              ; On                 ; On                 ;
; Limit AHDL Integers to 32 Bits                                   ; Off                ; Off                ;
; Optimization Technique                                           ; Balanced           ; Balanced           ;
; Carry Chain Length                                               ; 70                 ; 70                 ;
; Auto Carry Chains                                                ; On                 ; On                 ;
; Auto Open-Drain Pins                                             ; On                 ; On                 ;
; Perform WYSIWYG Primitive Resynthesis                            ; Off                ; Off                ;
; Auto ROM Replacement                                             ; On                 ; On                 ;
; Auto RAM Replacement                                             ; On                 ; On                 ;
; Auto DSP Block Replacement                                       ; On                 ; On                 ;
; Auto Shift Register Replacement                                  ; Auto               ; Auto               ;
; Allow Shift Register Merging across Hierarchies                  ; Auto               ; Auto               ;
; Auto Clock Enable Replacement                                    ; On                 ; On                 ;
; Strict RAM Replacement                                           ; Off                ; Off                ;
; Allow Synchronous Control Signals                                ; On                 ; On                 ;
; Force Use of Synchronous Clear Signals                           ; Off                ; Off                ;
; Auto RAM Block Balancing                                         ; On                 ; On                 ;
; Auto RAM to Logic Cell Conversion                                ; Off                ; Off                ;
; Auto Resource Sharing                                            ; Off                ; Off                ;
; Allow Any RAM Size For Recognition                               ; Off                ; Off                ;
; Allow Any ROM Size For Recognition                               ; Off                ; Off                ;
; Allow Any Shift Register Size For Recognition                    ; Off                ; Off                ;
; Use LogicLock Constraints during Resource Balancing              ; On                 ; On                 ;
; Ignore translate_off and synthesis_off directives                ; Off                ; Off                ;
; Timing-Driven Synthesis                                          ; On                 ; On                 ;
; Report Parameter Settings                                        ; On                 ; On                 ;
; Report Source Assignments                                        ; On                 ; On                 ;
; Report Connectivity Checks                                       ; On                 ; On                 ;
; Ignore Maximum Fan-Out Assignments                               ; Off                ; Off                ;
; Synchronization Register Chain Length                            ; 2                  ; 2                  ;
; Power Optimization During Synthesis                              ; Normal compilation ; Normal compilation ;
; HDL message level                                                ; Level2             ; Level2             ;
; Suppress Register Optimization Related Messages                  ; Off                ; Off                ;
; Number of Removed Registers Reported in Synthesis Report         ; 5000               ; 5000               ;
; Number of Swept Nodes Reported in Synthesis Report               ; 5000               ; 5000               ;
; Number of Inverted Registers Reported in Synthesis Report        ; 100                ; 100                ;
; Clock MUX Protection                                             ; On                 ; On                 ;
; Auto Gated Clock Conversion                                      ; Off                ; Off                ;
; Block Design Naming                                              ; Auto               ; Auto               ;
; SDC constraint protection                                        ; Off                ; Off                ;
; Synthesis Effort                                                 ; Auto               ; Auto               ;
; Shift Register Replacement - Allow Asynchronous Clear Signal     ; On                 ; On                 ;
; Pre-Mapping Resynthesis Optimization                             ; Off                ; Off                ;
; Analysis & Synthesis Message Level                               ; Medium             ; Medium             ;
; Disable Register Merging Across Hierarchies                      ; Auto               ; Auto               ;
; Resource Aware Inference For Block RAM                           ; On                 ; On                 ;
+------------------------------------------------------------------+--------------------+--------------------+


+------------------------------------------+
; Parallel Compilation                     ;
+----------------------------+-------------+
; Processors                 ; Number      ;
+----------------------------+-------------+
; Number detected on machine ; 6           ;
; Maximum allowed            ; 6           ;
;                            ;             ;
; Average used               ; 1.00        ;
; Maximum used               ; 6           ;
;                            ;             ;
; Usage by Processor         ; % Time Used ;
;     Processor 1            ; 100.0%      ;
;     Processors 2-6         ;   0.0%      ;
+----------------------------+-------------+


+------------------------------------------------------------------------------------------------------------------------------------------------------------------------------------------------------------------------------------------------------------------------------------------+
; Analysis & Synthesis Source Files Read                                                                                                                                                                                                                                                   ;
+----------------------------------------------------------------------------------------------------------+-----------------+------------------------------------+----------------------------------------------------------------------------------------------------------+-------------+
; File Name with User-Entered Path                                                                         ; Used in Netlist ; File Type                          ; File Name with Absolute Path                                                                             ; Library     ;
+----------------------------------------------------------------------------------------------------------+-----------------+------------------------------------+----------------------------------------------------------------------------------------------------------+-------------+
; adc_control/synthesis/tempeture_control.bdf                                                              ; yes             ; User Block Diagram/Schematic File  ; /home/lazk3r/Documents/quartus/tempeture_control/adc_control/synthesis/tempeture_control.bdf             ;             ;
; /home/lazk3r/Documents/quartus/tempeture_control/db/ip/adc_control/adc_control.v                         ; yes             ; Auto-Found Verilog HDL File        ; /home/lazk3r/Documents/quartus/tempeture_control/db/ip/adc_control/adc_control.v                         ; adc_control ;
; /home/lazk3r/Documents/quartus/tempeture_control/db/ip/adc_control/submodules/adc_control_adc_mega_0.v   ; yes             ; Auto-Found Verilog HDL File        ; /home/lazk3r/Documents/quartus/tempeture_control/db/ip/adc_control/submodules/adc_control_adc_mega_0.v   ; adc_control ;
; /home/lazk3r/Documents/quartus/tempeture_control/db/ip/adc_control/submodules/altera_up_avalon_adv_adc.v ; yes             ; Auto-Found Verilog HDL File        ; /home/lazk3r/Documents/quartus/tempeture_control/db/ip/adc_control/submodules/altera_up_avalon_adv_adc.v ; adc_control ;
+----------------------------------------------------------------------------------------------------------+-----------------+------------------------------------+----------------------------------------------------------------------------------------------------------+-------------+


+--------------------------------------------------------------+
; Analysis & Synthesis Resource Usage Summary                  ;
+---------------------------------------------+----------------+
; Resource                                    ; Usage          ;
+---------------------------------------------+----------------+
; Estimated Total logic elements              ; 90             ;
;                                             ;                ;
; Total combinational functions               ; 66             ;
; Logic element usage by number of LUT inputs ;                ;
;     -- 4 input functions                    ; 25             ;
;     -- 3 input functions                    ; 12             ;
;     -- <=2 input functions                  ; 29             ;
;                                             ;                ;
; Logic elements by mode                      ;                ;
;     -- normal mode                          ; 59             ;
;     -- arithmetic mode                      ; 7              ;
;                                             ;                ;
; Total registers                             ; 66             ;
;     -- Dedicated logic registers            ; 66             ;
;     -- I/O registers                        ; 0              ;
;                                             ;                ;
; I/O pins                                    ; 18             ;
;                                             ;                ;
; Embedded Multiplier 9-bit elements          ; 0              ;
;                                             ;                ;
; Maximum fan-out node                        ; CLOCK_50~input ;
; Maximum fan-out                             ; 66             ;
; Total fan-out                               ; 425            ;
; Average fan-out                             ; 2.53           ;
+---------------------------------------------+----------------+


+-----------------------------------------------------------------------------------------------------------------------------------------------------------------------------------------------------------------------------------------------------------------------------------------------------------------------------+
; Analysis & Synthesis Resource Utilization by Entity                                                                                                                                                                                                                                                                         ;
+----------------------------------------------+---------------------+---------------------------+-------------+--------------+---------+-----------+------+--------------+---------------------------------------------------------------------------------------------------------+--------------------------+--------------+
; Compilation Hierarchy Node                   ; Combinational ALUTs ; Dedicated Logic Registers ; Memory Bits ; DSP Elements ; DSP 9x9 ; DSP 18x18 ; Pins ; Virtual Pins ; Full Hierarchy Name                                                                                     ; Entity Name              ; Library Name ;
+----------------------------------------------+---------------------+---------------------------+-------------+--------------+---------+-----------+------+--------------+---------------------------------------------------------------------------------------------------------+--------------------------+--------------+
; |tempeture_control                           ; 66 (1)              ; 66 (0)                    ; 0           ; 0            ; 0       ; 0         ; 18   ; 0            ; |tempeture_control                                                                                      ; tempeture_control        ; work         ;
;    |adc_control:inst|                        ; 65 (0)              ; 66 (0)                    ; 0           ; 0            ; 0       ; 0         ; 0    ; 0            ; |tempeture_control|adc_control:inst                                                                     ; adc_control              ; adc_control  ;
;       |adc_control_adc_mega_0:adc_mega_0|    ; 65 (14)             ; 66 (13)                   ; 0           ; 0            ; 0       ; 0         ; 0    ; 0            ; |tempeture_control|adc_control:inst|adc_control_adc_mega_0:adc_mega_0                                   ; adc_control_adc_mega_0   ; adc_control  ;
;          |altera_up_avalon_adv_adc:ADC_CTRL| ; 51 (51)             ; 53 (53)                   ; 0           ; 0            ; 0       ; 0         ; 0    ; 0            ; |tempeture_control|adc_control:inst|adc_control_adc_mega_0:adc_mega_0|altera_up_avalon_adv_adc:ADC_CTRL ; altera_up_avalon_adv_adc ; adc_control  ;
+----------------------------------------------+---------------------+---------------------------+-------------+--------------+---------+-----------+------+--------------+---------------------------------------------------------------------------------------------------------+--------------------------+--------------+
Note: For table entries with two numbers listed, the numbers in parentheses indicate the number of resources of the given type used by the specific entity alone. The numbers listed outside of parentheses indicate the total resources of the given type used by the specific entity and all of its sub-entities in the hierarchy.


+-------------------------------------------------------------------------------------------------------------------------------------------------------------------------+
; Analysis & Synthesis IP Cores Summary                                                                                                                                   ;
+--------+--------------+---------+--------------+--------------+-------------------------------------+-------------------------------------------------------------------+
; Vendor ; IP Core Name ; Version ; Release Date ; License Type ; Entity Instance                     ; IP Include File                                                   ;
+--------+--------------+---------+--------------+--------------+-------------------------------------+-------------------------------------------------------------------+
; N/A    ; Qsys         ; 21.1    ; N/A          ; N/A          ; |tempeture_control|adc_control:inst ; /home/lazk3r/Documents/quartus/tempeture_control/adc_control.qsys ;
+--------+--------------+---------+--------------+--------------+-------------------------------------+-------------------------------------------------------------------+


Encoding Type:  One-Hot
+---------------------------------------------------------------------------------------------------------------------------------------+
; State Machine - |tempeture_control|adc_control:inst|adc_control_adc_mega_0:adc_mega_0|altera_up_avalon_adv_adc:ADC_CTRL|currState     ;
+----------------------+---------------------+----------------------+---------------------+----------------------+----------------------+
; Name                 ; currState.doneState ; currState.transState ; currState.waitState ; currState.resetState ; currState.pauseState ;
+----------------------+---------------------+----------------------+---------------------+----------------------+----------------------+
; currState.resetState ; 0                   ; 0                    ; 0                   ; 0                    ; 0                    ;
; currState.waitState  ; 0                   ; 0                    ; 1                   ; 1                    ; 0                    ;
; currState.transState ; 0                   ; 1                    ; 0                   ; 1                    ; 0                    ;
; currState.doneState  ; 1                   ; 0                    ; 0                   ; 1                    ; 0                    ;
; currState.pauseState ; 0                   ; 0                    ; 0                   ; 1                    ; 1                    ;
+----------------------+---------------------+----------------------+---------------------+----------------------+----------------------+


+-----------------------------------------------------------------------------------------------------------------------+
; Registers Removed During Synthesis                                                                                    ;
+--------------------------------------------------------------------------------------------------+--------------------+
; Register name                                                                                    ; Reason for Removal ;
+--------------------------------------------------------------------------------------------------+--------------------+
; adc_control:inst|adc_control_adc_mega_0:adc_mega_0|altera_up_avalon_adv_adc:ADC_CTRL|currState~2 ; Lost fanout        ;
; adc_control:inst|adc_control_adc_mega_0:adc_mega_0|altera_up_avalon_adv_adc:ADC_CTRL|currState~3 ; Lost fanout        ;
; Total Number of Removed Registers = 2                                                            ;                    ;
+--------------------------------------------------------------------------------------------------+--------------------+


+------------------------------------------------------+
; General Register Statistics                          ;
+----------------------------------------------+-------+
; Statistic                                    ; Value ;
+----------------------------------------------+-------+
; Total registers                              ; 66    ;
; Number of registers using Synchronous Clear  ; 0     ;
; Number of registers using Synchronous Load   ; 8     ;
; Number of registers using Asynchronous Clear ; 9     ;
; Number of registers using Asynchronous Load  ; 0     ;
; Number of registers using Clock Enable       ; 47    ;
; Number of registers using Preset             ; 0     ;
+----------------------------------------------+-------+


+-----------------------------------------------------------------------------------------------------------+
; Inverted Register Statistics                                                                              ;
+-------------------------------------------------------------------------------------------------+---------+
; Inverted Register                                                                               ; Fan out ;
+-------------------------------------------------------------------------------------------------+---------+
; adc_control:inst|adc_control_adc_mega_0:adc_mega_0|altera_up_avalon_adv_adc:ADC_CTRL|counter[0] ; 2       ;
; adc_control:inst|adc_control_adc_mega_0:adc_mega_0|altera_up_avalon_adv_adc:ADC_CTRL|counter[1] ; 2       ;
; adc_control:inst|adc_control_adc_mega_0:adc_mega_0|altera_up_avalon_adv_adc:ADC_CTRL|counter[2] ; 2       ;
; adc_control:inst|adc_control_adc_mega_0:adc_mega_0|altera_up_avalon_adv_adc:ADC_CTRL|sclk       ; 7       ;
; Total number of inverted registers = 4                                                          ;         ;
+-------------------------------------------------------------------------------------------------+---------+


+-----------------------------------------------------------------------------------------------------------------------------------------------------------------------------------------------------------------------------------------+
; Multiplexer Restructuring Statistics (Restructuring Performed)                                                                                                                                                                          ;
+--------------------+-----------+---------------+----------------------+------------------------+------------+---------------------------------------------------------------------------------------------------------------------------+
; Multiplexer Inputs ; Bus Width ; Baseline Area ; Area if Restructured ; Saving if Restructured ; Registered ; Example Multiplexer Output                                                                                                ;
+--------------------+-----------+---------------+----------------------+------------------------+------------+---------------------------------------------------------------------------------------------------------------------------+
; 3:1                ; 12 bits   ; 24 LEs        ; 12 LEs               ; 12 LEs                 ; Yes        ; |tempeture_control|adc_control:inst|adc_control_adc_mega_0:adc_mega_0|CH0[0]                                              ;
; 3:1                ; 3 bits    ; 6 LEs         ; 3 LEs                ; 3 LEs                  ; Yes        ; |tempeture_control|adc_control:inst|adc_control_adc_mega_0:adc_mega_0|altera_up_avalon_adv_adc:ADC_CTRL|address[0]        ;
; 3:1                ; 5 bits    ; 10 LEs        ; 5 LEs                ; 5 LEs                  ; Yes        ; |tempeture_control|adc_control:inst|adc_control_adc_mega_0:adc_mega_0|altera_up_avalon_adv_adc:ADC_CTRL|counter[7]        ;
; 3:1                ; 4 bits    ; 8 LEs         ; 4 LEs                ; 4 LEs                  ; Yes        ; |tempeture_control|adc_control:inst|adc_control_adc_mega_0:adc_mega_0|altera_up_avalon_adv_adc:ADC_CTRL|sclk_counter[3]   ;
; 4:1                ; 3 bits    ; 6 LEs         ; 3 LEs                ; 3 LEs                  ; Yes        ; |tempeture_control|adc_control:inst|adc_control_adc_mega_0:adc_mega_0|altera_up_avalon_adv_adc:ADC_CTRL|addr_shift_reg[5] ;
; 4:1                ; 2 bits    ; 4 LEs         ; 4 LEs                ; 0 LEs                  ; Yes        ; |tempeture_control|adc_control:inst|adc_control_adc_mega_0:adc_mega_0|altera_up_avalon_adv_adc:ADC_CTRL|addr_shift_reg[2] ;
; 3:1                ; 3 bits    ; 6 LEs         ; 3 LEs                ; 3 LEs                  ; Yes        ; |tempeture_control|adc_control:inst|adc_control_adc_mega_0:adc_mega_0|altera_up_avalon_adv_adc:ADC_CTRL|counter[0]        ;
+--------------------+-----------+---------------+----------------------+------------------------+------------+---------------------------------------------------------------------------------------------------------------------------+


+-------------------------------------------------------------------------------------------------+
; Parameter Settings for User Entity Instance: adc_control:inst|adc_control_adc_mega_0:adc_mega_0 ;
+----------------+------------+-------------------------------------------------------------------+
; Parameter Name ; Value      ; Type                                                              ;
+----------------+------------+-------------------------------------------------------------------+
; tsclk          ; 16         ; Signed Integer                                                    ;
; numch          ; 8          ; Signed Integer                                                    ;
; board          ; DE0-Nano   ; String                                                            ;
; board_rev      ; Autodetect ; String                                                            ;
; max10pllmultby ; 1          ; Signed Integer                                                    ;
; max10plldivby  ; 1          ; Signed Integer                                                    ;
+----------------+------------+-------------------------------------------------------------------+
Note: In order to hide this table in the UI and the text report file, please set the "Show Parameter Settings in Synthesis Report" option in "Analysis and Synthesis Settings -> More Settings" to "Off".


+-----------------------------------------------------------------------------------------------------------------------------------+
; Parameter Settings for User Entity Instance: adc_control:inst|adc_control_adc_mega_0:adc_mega_0|altera_up_avalon_adv_adc:ADC_CTRL ;
+-----------------------+------------+----------------------------------------------------------------------------------------------+
; Parameter Name        ; Value      ; Type                                                                                         ;
+-----------------------+------------+----------------------------------------------------------------------------------------------+
; T_SCLK                ; 16         ; Signed Integer                                                                               ;
; NUM_CH                ; 8          ; Signed Integer                                                                               ;
; BOARD                 ; DE0-Nano   ; String                                                                                       ;
; BOARD_REV             ; Autodetect ; String                                                                                       ;
; MAX10_PLL_MULTIPLY_BY ; 1          ; Signed Integer                                                                               ;
; MAX10_PLL_DIVIDE_BY   ; 10         ; Signed Integer                                                                               ;
+-----------------------+------------+----------------------------------------------------------------------------------------------+
Note: In order to hide this table in the UI and the text report file, please set the "Show Parameter Settings in Synthesis Report" option in "Analysis and Synthesis Settings -> More Settings" to "Off".


+-----------------------------------------------------+
; Post-Synthesis Netlist Statistics for Top Partition ;
+-----------------------+-----------------------------+
; Type                  ; Count                       ;
+-----------------------+-----------------------------+
; boundary_port         ; 18                          ;
; cycloneiii_ff         ; 66                          ;
;     CLR               ; 1                           ;
;     CLR SLD           ; 8                           ;
;     ENA               ; 47                          ;
;     plain             ; 10                          ;
; cycloneiii_lcell_comb ; 68                          ;
;     arith             ; 7                           ;
;         1 data inputs ; 1                           ;
;         2 data inputs ; 6                           ;
;     normal            ; 61                          ;
;         0 data inputs ; 1                           ;
;         1 data inputs ; 5                           ;
;         2 data inputs ; 18                          ;
;         3 data inputs ; 12                          ;
;         4 data inputs ; 25                          ;
;                       ;                             ;
; Max LUT depth         ; 3.00                        ;
; Average LUT depth     ; 1.48                        ;
+-----------------------+-----------------------------+


+-------------------------------+
; Elapsed Time Per Partition    ;
+----------------+--------------+
; Partition Name ; Elapsed Time ;
+----------------+--------------+
; Top            ; 00:00:00     ;
+----------------+--------------+


+-------------------------------+
; Analysis & Synthesis Messages ;
+-------------------------------+
Info: *******************************************************************
Info: Running Quartus Prime Analysis & Synthesis
    Info: Version 21.1.1 Build 850 06/23/2022 SJ Lite Edition
    Info: Processing started: Fri Dec  9 21:15:10 2022
Info: Command: quartus_map --read_settings_files=on --write_settings_files=off tempeture_control -c tempeture_control
Warning (18236): Number of processors has not been specified which may cause overloading on shared machines.  Set the global assignment NUM_PARALLEL_PROCESSORS in your QSF to an appropriate value for best performance.
Info (20030): Parallel compilation is enabled and will use 6 of the 6 processors detected
Info (12248): Elaborating Platform Designer system entity "adc_control.qsys"
Info (12250): 2022.12.09.21:15:18 Progress: Loading tempeture_control/adc_control.qsys
Info (12250): 2022.12.09.21:15:18 Progress: Reading input file
Info (12250): 2022.12.09.21:15:18 Progress: Adding adc_mega_0 [altera_up_avalon_adc_mega 18.0]
Info (12250): 2022.12.09.21:15:19 Progress: Parameterizing module adc_mega_0
Info (12250): 2022.12.09.21:15:19 Progress: Building connections
Info (12250): 2022.12.09.21:15:19 Progress: Parameterizing connections
Info (12250): 2022.12.09.21:15:19 Progress: Validating
Info (12250): 2022.12.09.21:15:19 Progress: Done reading input file
Info (12250): Adc_control: Generating adc_control "adc_control" for QUARTUS_SYNTH
Info (12250): Adc_mega_0: Starting Generation of ADC Controller for DE-series Board
Info (12250): Adc_mega_0: /opt/intelFPGA/21.1/ip/altera/university_program/input_output/altera_up_avalon_adc/hdl/altera_up_avalon_adv_adc.v /tmp/alt9336_6232781188124422685.dir/0002_sopcgen/adc_control_adc_mega_0.v
Info (12250): Adc_mega_0: "adc_control" instantiated altera_up_avalon_adc_mega "adc_mega_0"
Info (12250): Adc_control: Done "adc_control" with 2 modules, 3 files
Info (12249): Finished elaborating Platform Designer system entity "adc_control.qsys"
Info (12021): Found 2 design units, including 1 entities, in source file tocelsius.vhd
    Info (12022): Found design unit 1: tocelsius-rtl File: /home/lazk3r/Documents/quartus/tempeture_control/tocelsius.vhd Line: 13
    Info (12023): Found entity 1: tocelsius File: /home/lazk3r/Documents/quartus/tempeture_control/tocelsius.vhd Line: 6
Info (12021): Found 1 design units, including 1 entities, in source file adc_control/synthesis/tempeture_control.bdf
    Info (12023): Found entity 1: tempeture_control
Info (12021): Found 1 design units, including 1 entities, in source file db/ip/adc_control/adc_control.v
    Info (12023): Found entity 1: adc_control File: /home/lazk3r/Documents/quartus/tempeture_control/db/ip/adc_control/adc_control.v Line: 6
Info (12021): Found 1 design units, including 1 entities, in source file db/ip/adc_control/submodules/adc_control_adc_mega_0.v
    Info (12023): Found entity 1: adc_control_adc_mega_0 File: /home/lazk3r/Documents/quartus/tempeture_control/db/ip/adc_control/submodules/adc_control_adc_mega_0.v Line: 22
Info (12021): Found 1 design units, including 1 entities, in source file db/ip/adc_control/submodules/altera_up_avalon_adv_adc.v
    Info (12023): Found entity 1: altera_up_avalon_adv_adc File: /home/lazk3r/Documents/quartus/tempeture_control/db/ip/adc_control/submodules/altera_up_avalon_adv_adc.v Line: 23
Info (12127): Elaborating entity "tempeture_control" for the top level hierarchy
Info (12128): Elaborating entity "adc_control" for hierarchy "adc_control:inst"
Info (12128): Elaborating entity "adc_control_adc_mega_0" for hierarchy "adc_control:inst|adc_control_adc_mega_0:adc_mega_0" File: /home/lazk3r/Documents/quartus/tempeture_control/db/ip/adc_control/adc_control.v Line: 45
Info (12128): Elaborating entity "altera_up_avalon_adv_adc" for hierarchy "adc_control:inst|adc_control_adc_mega_0:adc_mega_0|altera_up_avalon_adv_adc:ADC_CTRL" File: /home/lazk3r/Documents/quartus/tempeture_control/db/ip/adc_control/submodules/adc_control_adc_mega_0.v Line: 58
Info (13000): Registers with preset signals will power-up high File: /home/lazk3r/Documents/quartus/tempeture_control/db/ip/adc_control/submodules/altera_up_avalon_adv_adc.v Line: 28
Info (13003): DEV_CLRn pin will set, and not reset, register with preset signal due to NOT Gate Push-Back
Info (286030): Timing-Driven Synthesis is running
Info (17049): 2 registers lost all their fanouts during netlist optimizations.
Info (16010): Generating hard_block partition "hard_block:auto_generated_inst"
    Info (16011): Adding 0 node(s), including 0 DDIO, 0 PLL, 0 transceiver and 0 LCELL
Info (21057): Implemented 108 device resources after synthesis - the final resource count might be different
    Info (21058): Implemented 3 input pins
    Info (21059): Implemented 15 output pins
    Info (21061): Implemented 90 logic cells
Info: Quartus Prime Analysis & Synthesis was successful. 0 errors, 1 warning
    Info: Peak virtual memory: 454 megabytes
    Info: Processing ended: Fri Dec  9 21:15:23 2022
    Info: Elapsed time: 00:00:13
    Info: Total CPU time (on all processors): 00:00:25


